# JRE version: OpenJDK Runtime Environment Temurin-21.0.12.1+1 (21.0.12.1+1) (build 21.0.12.1+1-LTS)
# Java VM: OpenJDK 64-Bit Server VM Temurin-21.0.12.1+1 (21.0.12.1+1-LTS, mixed mode, sharing, tiered, compressed oops, compressed class ptrs, parallel gc, windows-amd64)
GC Precious Log:
 CardTable entry size: 512
 CPUs: 4 total, 4 available
 Memory: 3962M
 Large Page Support: Disabled
 NUMA Support: Disabled
 Compressed Oops: Enabled (32-bit)
 Alignments: Space 512K, Generation 512K, Heap 2M
 Heap Min Capacity: 100M
 Heap Initial Capacity: 100M
 Heap Max Capacity: 2G
 Pre-touch: Disabled
 Parallel Workers: 4
Heap:
 PSYoungGen      total 11776K, used 4777K [0x00000000d5580000, 0x00000000d6400000, 0x0000000100000000)
  eden space 9728K, 31% used [0x00000000d5580000,0x00000000d5872600,0x00000000d5f00000)
  from space 2048K, 85% used [0x00000000d6200000,0x00000000d63b8040,0x00000000d6400000)
  to   space 2560K, 0% used [0x00000000d5f00000,0x00000000d5f00000,0x00000000d6180000)
 ParOldGen       total 93696K, used 93688K [0x0000000080000000, 0x0000000085b80000, 0x00000000d5580000)
  object space 93696K, 99% used [0x0000000080000000,0x0000000085b7e170,0x0000000085b80000)
 Metaspace       used 46561K, committed 47744K, reserved 1114112K
  class space    used 4330K, committed 4864K, reserved 1048576K
GC Heap History (20 events):
Event: 73.689 GC heap before
{Heap before GC invocations=37 (full 2):
 PSYoungGen      total 17920K, used 17750K [0x00000000d5580000, 0x00000000d6b00000, 0x0000000100000000)
  eden space 15360K, 100% used [0x00000000d5580000,0x00000000d6480000,0x00000000d6480000)
  from space 2560K, 93% used [0x00000000d6880000,0x00000000d6ad5810,0x00000000d6b00000)
  to   space 3072K, 0% used [0x00000000d6500000,0x00000000d6500000,0x00000000d6800000)
 ParOldGen       total 68608K, used 67388K [0x0000000080000000, 0x0000000084300000, 0x00000000d5580000)
  object space 68608K, 98% used [0x0000000080000000,0x00000000841cf1d0,0x0000000084300000)
 Metaspace       used 45198K, committed 46336K, reserved 1114112K
  class space    used 4274K, committed 4800K, reserved 1048576K
}
Event: 73.697 GC heap after
{Heap after GC invocations=37 (full 2):
 PSYoungGen      total 18432K, used 2948K [0x00000000d5580000, 0x00000000d6a80000, 0x0000000100000000)
  eden space 15360K, 0% used [0x00000000d5580000,0x00000000d5580000,0x00000000d6480000)
  from space 3072K, 95% used [0x00000000d6500000,0x00000000d67e1358,0x00000000d6800000)
  to   space 2560K, 0% used [0x00000000d6800000,0x00000000d6800000,0x00000000d6a80000)
 ParOldGen       total 70144K, used 69684K [0x0000000080000000, 0x0000000084480000, 0x00000000d5580000)
  object space 70144K, 99% used [0x0000000080000000,0x000000008440d1f0,0x0000000084480000)
 Metaspace       used 45198K, committed 46336K, reserved 1114112K
  class space    used 4274K, committed 4800K, reserved 1048576K
}
Event: 75.303 GC heap before
{Heap before GC invocations=38 (full 2):
 PSYoungGen      total 18432K, used 18308K [0x00000000d5580000, 0x00000000d6a80000, 0x0000000100000000)
  eden space 15360K, 100% used [0x00000000d5580000,0x00000000d6480000,0x00000000d6480000)
  from space 3072K, 95% used [0x00000000d6500000,0x00000000d67e1358,0x00000000d6800000)
  to   space 2560K, 0% used [0x00000000d6800000,0x00000000d6800000,0x00000000d6a80000)
 ParOldGen       total 70144K, used 69684K [0x0000000080000000, 0x0000000084480000, 0x00000000d5580000)
  object space 70144K, 99% used [0x0000000080000000,0x000000008440d1f0,0x0000000084480000)
 Metaspace       used 45479K, committed 46592K, reserved 1114112K
  class space    used 4291K, committed 4800K, reserved 1048576K
}
Event: 75.316 GC heap after
{Heap after GC invocations=38 (full 2):
 PSYoungGen      total 14848K, used 2554K [0x00000000d5580000, 0x00000000d7180000, 0x0000000100000000)
  eden space 12288K, 0% used [0x00000000d5580000,0x00000000d5580000,0x00000000d6180000)
  from space 2560K, 99% used [0x00000000d6800000,0x00000000d6a7eac0,0x00000000d6a80000)
  to   space 6656K, 0% used [0x00000000d6180000,0x00000000d6180000,0x00000000d6800000)
 ParOldGen       total 73216K, used 72871K [0x0000000080000000, 0x0000000084780000, 0x00000000d5580000)
  object space 73216K, 99% used [0x0000000080000000,0x0000000084729f00,0x0000000084780000)
 Metaspace       used 45479K, committed 46592K, reserved 1114112K
  class space    used 4291K, committed 4800K, reserved 1048576K
}
Event: 76.471 GC heap before
{Heap before GC invocations=39 (full 2):
 PSYoungGen      total 14848K, used 14842K [0x00000000d5580000, 0x00000000d7180000, 0x0000000100000000)
  eden space 12288K, 100% used [0x00000000d5580000,0x00000000d6180000,0x00000000d6180000)
  from space 2560K, 99% used [0x00000000d6800000,0x00000000d6a7eac0,0x00000000d6a80000)
  to   space 6656K, 0% used [0x00000000d6180000,0x00000000d6180000,0x00000000d6800000)
 ParOldGen       total 73216K, used 72871K [0x0000000080000000, 0x0000000084780000, 0x00000000d5580000)
  object space 73216K, 99% used [0x0000000080000000,0x0000000084729f00,0x0000000084780000)
 Metaspace       used 45762K, committed 46848K, reserved 1114112K
  class space    used 4302K, committed 4800K, reserved 1048576K
}
Event: 76.480 GC heap after
{Heap after GC invocations=39 (full 2):
 PSYoungGen      total 14848K, used 2256K [0x00000000d5580000, 0x00000000d6880000, 0x0000000100000000)
  eden space 12288K, 0% used [0x00000000d5580000,0x00000000d5580000,0x00000000d6180000)
  from space 2560K, 88% used [0x00000000d6180000,0x00000000d63b4030,0x00000000d6400000)
  to   space 3584K, 0% used [0x00000000d6500000,0x00000000d6500000,0x00000000d6880000)
 ParOldGen       total 75776K, used 75350K [0x0000000080000000, 0x0000000084a00000, 0x00000000d5580000)
  object space 75776K, 99% used [0x0000000080000000,0x0000000084995b30,0x0000000084a00000)
 Metaspace       used 45762K, committed 46848K, reserved 1114112K
  class space    used 4302K, committed 4800K, reserved 1048576K
}
Event: 77.515 GC heap before
{Heap before GC invocations=40 (full 2):
 PSYoungGen      total 14848K, used 14544K [0x00000000d5580000, 0x00000000d6880000, 0x0000000100000000)
  eden space 12288K, 100% used [0x00000000d5580000,0x00000000d6180000,0x00000000d6180000)
  from space 2560K, 88% used [0x00000000d6180000,0x00000000d63b4030,0x00000000d6400000)
  to   space 3584K, 0% used [0x00000000d6500000,0x00000000d6500000,0x00000000d6880000)
 ParOldGen       total 75776K, used 75350K [0x0000000080000000, 0x0000000084a00000, 0x00000000d5580000)
  object space 75776K, 99% used [0x0000000080000000,0x0000000084995b30,0x0000000084a00000)
 Metaspace       used 45969K, committed 47040K, reserved 1114112K
  class space    used 4303K, committed 4800K, reserved 1048576K
}
Event: 77.526 GC heap after
{Heap after GC invocations=40 (full 2):
 PSYoungGen      total 15360K, used 2842K [0x00000000d5580000, 0x00000000d6800000, 0x0000000100000000)
  eden space 12288K, 0% used [0x00000000d5580000,0x00000000d5580000,0x00000000d6180000)
  from space 3072K, 92% used [0x00000000d6500000,0x00000000d67c6860,0x00000000d6800000)
  to   space 3072K, 0% used [0x00000000d6200000,0x00000000d6200000,0x00000000d6500000)
 ParOldGen       total 77824K, used 77487K [0x0000000080000000, 0x0000000084c00000, 0x00000000d5580000)
  object space 77824K, 99% used [0x0000000080000000,0x0000000084babee0,0x0000000084c00000)
 Metaspace       used 45969K, committed 47040K, reserved 1114112K
  class space    used 4303K, committed 4800K, reserved 1048576K
}
Event: 79.363 GC heap before
{Heap before GC invocations=41 (full 2):
 PSYoungGen      total 15360K, used 15130K [0x00000000d5580000, 0x00000000d6800000, 0x0000000100000000)
  eden space 12288K, 100% used [0x00000000d5580000,0x00000000d6180000,0x00000000d6180000)
  from space 3072K, 92% used [0x00000000d6500000,0x00000000d67c6860,0x00000000d6800000)
  to   space 3072K, 0% used [0x00000000d6200000,0x00000000d6200000,0x00000000d6500000)
 ParOldGen       total 77824K, used 77487K [0x0000000080000000, 0x0000000084c00000, 0x00000000d5580000)
  object space 77824K, 99% used [0x0000000080000000,0x0000000084babee0,0x0000000084c00000)
 Metaspace       used 46114K, committed 47296K, reserved 1114112K
  class space    used 4310K, committed 4864K, reserved 1048576K
}
Event: 79.380 GC heap after
{Heap after GC invocations=41 (full 2):
 PSYoungGen      total 15360K, used 2640K [0x00000000d5580000, 0x00000000d6780000, 0x0000000100000000)
  eden space 12288K, 0% used [0x00000000d5580000,0x00000000d5580000,0x00000000d6180000)
  from space 3072K, 85% used [0x00000000d6200000,0x00000000d6494030,0x00000000d6500000)
  to   space 2560K, 0% used [0x00000000d6500000,0x00000000d6500000,0x00000000d6780000)
 ParOldGen       total 80384K, used 80269K [0x0000000080000000, 0x0000000084e80000, 0x00000000d5580000)
  object space 80384K, 99% used [0x0000000080000000,0x0000000084e63508,0x0000000084e80000)
 Metaspace       used 46114K, committed 47296K, reserved 1114112K
  class space    used 4310K, committed 4864K, reserved 1048576K
}
Event: 80.763 GC heap before
{Heap before GC invocations=42 (full 2):
 PSYoungGen      total 15360K, used 14928K [0x00000000d5580000, 0x00000000d6780000, 0x0000000100000000)
  eden space 12288K, 100% used [0x00000000d5580000,0x00000000d6180000,0x00000000d6180000)
  from space 3072K, 85% used [0x00000000d6200000,0x00000000d6494030,0x00000000d6500000)
  to   space 2560K, 0% used [0x00000000d6500000,0x00000000d6500000,0x00000000d6780000)
 ParOldGen       total 80384K, used 80269K [0x0000000080000000, 0x0000000084e80000, 0x00000000d5580000)
  object space 80384K, 99% used [0x0000000080000000,0x0000000084e63508,0x0000000084e80000)
 Metaspace       used 46184K, committed 47360K, reserved 1114112K
  class space    used 4310K, committed 4864K, reserved 1048576K
}
Event: 80.779 GC heap after
{Heap after GC invocations=42 (full 2):
 PSYoungGen      total 12288K, used 2551K [0x00000000d5580000, 0x00000000d6d80000, 0x0000000100000000)
  eden space 9728K, 0% used [0x00000000d5580000,0x00000000d5580000,0x00000000d5f00000)
  from space 2560K, 99% used [0x00000000d6500000,0x00000000d677de10,0x00000000d6780000)
  to   space 6144K, 0% used [0x00000000d5f00000,0x00000000d5f00000,0x00000000d6500000)
 ParOldGen       total 83456K, used 83276K [0x0000000080000000, 0x0000000085180000, 0x00000000d5580000)
  object space 83456K, 99% used [0x0000000080000000,0x00000000851533d8,0x0000000085180000)
 Metaspace       used 46184K, committed 47360K, reserved 1114112K
  class space    used 4310K, committed 4864K, reserved 1048576K
}
Event: 81.890 GC heap before
{Heap before GC invocations=43 (full 2):
 PSYoungGen      total 12288K, used 12279K [0x00000000d5580000, 0x00000000d6d80000, 0x0000000100000000)
  eden space 9728K, 100% used [0x00000000d5580000,0x00000000d5f00000,0x00000000d5f00000)
  from space 2560K, 99% used [0x00000000d6500000,0x00000000d677de10,0x00000000d6780000)
  to   space 6144K, 0% used [0x00000000d5f00000,0x00000000d5f00000,0x00000000d6500000)
 ParOldGen       total 83456K, used 83276K [0x0000000080000000, 0x0000000085180000, 0x00000000d5580000)
  object space 83456K, 99% used [0x0000000080000000,0x00000000851533d8,0x0000000085180000)
 Metaspace       used 46211K, committed 47360K, reserved 1114112K
  class space    used 4310K, committed 4864K, reserved 1048576K
}
Event: 81.904 GC heap after
{Heap after GC invocations=43 (full 2):
 PSYoungGen      total 12800K, used 2868K [0x00000000d5580000, 0x00000000d6700000, 0x0000000100000000)
  eden space 9728K, 0% used [0x00000000d5580000,0x00000000d5580000,0x00000000d5f00000)
  from space 3072K, 93% used [0x00000000d5f00000,0x00000000d61cd2c8,0x00000000d6200000)
  to   space 4096K, 0% used [0x00000000d6300000,0x00000000d6300000,0x00000000d6700000)
 ParOldGen       total 86016K, used 85812K [0x0000000080000000, 0x0000000085400000, 0x00000000d5580000)
  object space 86016K, 99% used [0x0000000080000000,0x00000000853cd2e8,0x0000000085400000)
 Metaspace       used 46211K, committed 47360K, reserved 1114112K
  class space    used 4310K, committed 4864K, reserved 1048576K
}
Event: 82.422 GC heap before
{Heap before GC invocations=44 (full 2):
 PSYoungGen      total 12800K, used 12596K [0x00000000d5580000, 0x00000000d6700000, 0x0000000100000000)
  eden space 9728K, 100% used [0x00000000d5580000,0x00000000d5f00000,0x00000000d5f00000)
  from space 3072K, 93% used [0x00000000d5f00000,0x00000000d61cd2c8,0x00000000d6200000)
  to   space 4096K, 0% used [0x00000000d6300000,0x00000000d6300000,0x00000000d6700000)
 ParOldGen       total 86016K, used 85812K [0x0000000080000000, 0x0000000085400000, 0x00000000d5580000)
  object space 86016K, 99% used [0x0000000080000000,0x00000000853cd2e8,0x0000000085400000)
 Metaspace       used 46228K, committed 47424K, reserved 1114112K
  class space    used 4310K, committed 4864K, reserved 1048576K
}
Event: 82.431 GC heap after
{Heap after GC invocations=44 (full 2):
 PSYoungGen      total 12800K, used 2624K [0x00000000d5580000, 0x00000000d6600000, 0x0000000100000000)
  eden space 9728K, 0% used [0x00000000d5580000,0x00000000d5580000,0x00000000d5f00000)
  from space 3072K, 85% used [0x00000000d6300000,0x00000000d6590020,0x00000000d6600000)
  to   space 3072K, 0% used [0x00000000d5f00000,0x00000000d5f00000,0x00000000d6200000)
 ParOldGen       total 89088K, used 88595K [0x0000000080000000, 0x0000000085700000, 0x00000000d5580000)
  object space 89088K, 99% used [0x0000000080000000,0x0000000085684c68,0x0000000085700000)
 Metaspace       used 46228K, committed 47424K, reserved 1114112K
  class space    used 4310K, committed 4864K, reserved 1048576K
}
Event: 82.788 GC heap before
{Heap before GC invocations=45 (full 2):
 PSYoungGen      total 12800K, used 12352K [0x00000000d5580000, 0x00000000d6600000, 0x0000000100000000)
  eden space 9728K, 100% used [0x00000000d5580000,0x00000000d5f00000,0x00000000d5f00000)
  from space 3072K, 85% used [0x00000000d6300000,0x00000000d6590020,0x00000000d6600000)
  to   space 3072K, 0% used [0x00000000d5f00000,0x00000000d5f00000,0x00000000d6200000)
 ParOldGen       total 89088K, used 88595K [0x0000000080000000, 0x0000000085700000, 0x00000000d5580000)
  object space 89088K, 99% used [0x0000000080000000,0x0000000085684c68,0x0000000085700000)
 Metaspace       used 46232K, committed 47424K, reserved 1114112K
  class space    used 4310K, committed 4864K, reserved 1048576K
}
Event: 82.796 GC heap after
{Heap after GC invocations=45 (full 2):
 PSYoungGen      total 12800K, used 2704K [0x00000000d5580000, 0x00000000d6500000, 0x0000000100000000)
  eden space 9728K, 0% used [0x00000000d5580000,0x00000000d5580000,0x00000000d5f00000)
  from space 3072K, 88% used [0x00000000d5f00000,0x00000000d61a4060,0x00000000d6200000)
  to   space 3072K, 0% used [0x00000000d6200000,0x00000000d6200000,0x00000000d6500000)
 ParOldGen       total 91136K, used 91120K [0x0000000080000000, 0x0000000085900000, 0x00000000d5580000)
  object space 91136K, 99% used [0x0000000080000000,0x00000000858fc070,0x0000000085900000)
 Metaspace       used 46232K, committed 47424K, reserved 1114112K
  class space    used 4310K, committed 4864K, reserved 1048576K
}
Event: 84.254 GC heap before
{Heap before GC invocations=46 (full 2):
 PSYoungGen      total 12800K, used 12432K [0x00000000d5580000, 0x00000000d6500000, 0x0000000100000000)
  eden space 9728K, 100% used [0x00000000d5580000,0x00000000d5f00000,0x00000000d5f00000)
  from space 3072K, 88% used [0x00000000d5f00000,0x00000000d61a4060,0x00000000d6200000)
  to   space 3072K, 0% used [0x00000000d6200000,0x00000000d6200000,0x00000000d6500000)
 ParOldGen       total 91136K, used 91120K [0x0000000080000000, 0x0000000085900000, 0x00000000d5580000)
  object space 91136K, 99% used [0x0000000080000000,0x00000000858fc070,0x0000000085900000)
 Metaspace       used 46412K, committed 47616K, reserved 1114112K
  class space    used 4312K, committed 4864K, reserved 1048576K
}
Event: 84.261 GC heap after
{Heap after GC invocations=46 (full 2):
 PSYoungGen      total 11776K, used 1760K [0x00000000d5580000, 0x00000000d6400000, 0x0000000100000000)
  eden space 9728K, 0% used [0x00000000d5580000,0x00000000d5580000,0x00000000d5f00000)
  from space 2048K, 85% used [0x00000000d6200000,0x00000000d63b8040,0x00000000d6400000)
  to   space 2560K, 0% used [0x00000000d5f00000,0x00000000d5f00000,0x00000000d6180000)
 ParOldGen       total 93696K, used 93688K [0x0000000080000000, 0x0000000085b80000, 0x00000000d5580000)
  object space 93696K, 99% used [0x0000000080000000,0x0000000085b7e170,0x0000000085b80000)
 Metaspace       used 46412K, committed 47616K, reserved 1114112K
  class space    used 4312K, committed 4864K, reserved 1048576K
}

